[0223/165928.008:ERROR:process_memory_win.cc(73)] ReadMemory at 0x15cbd4084c0 of 6656 bytes failed: Only part of a ReadProcessMemory or WriteProcessMemory request was completed. (0x12B)
[0223/165928.009:ERROR:process_snapshot_win.cc(322)] failed to read unloaded module data
[0223/165928.013:ERROR:process_memory_win.cc(73)] ReadMemory at 0x15cbd3ab870 of 72 bytes failed: Only part of a ReadProcessMemory or WriteProcessMemory request was completed. (0x12B)
[0223/165928.013:WARNING:pe_image_annotations_reader.cc(134)] could not read annotations list object in C:\Program Files (x86)\Google\Chrome\Application\80.0.3987.116\chrome_elf.dll
[0223/165928.014:ERROR:process_memory_win.cc(73)] ReadMemory at 0x7ff806d00000 of 64 bytes failed: Only part of a ReadProcessMemory or WriteProcessMemory request was completed. (0x12B)
[0223/165928.014:WARNING:pe_image_reader.cc(340)] could not read dos header from C:\Program Files (x86)\Google\Chrome\Application\80.0.3987.116\chrome.dll
[0223/165928.014:ERROR:process_memory_win.cc(73)] ReadMemory at 0x7ff806d00000 of 64 bytes failed: Only part of a ReadProcessMemory or WriteProcessMemory request was completed. (0x12B)
[0223/165928.014:WARNING:pe_image_reader.cc(340)] could not read dos header from C:\Program Files (x86)\Google\Chrome\Application\80.0.3987.116\chrome.dll
[0223/165928.045:ERROR:process_memory_win.cc(73)] ReadMemory at 0x7ff7be590000 of 64 bytes failed: Only part of a ReadProcessMemory or WriteProcessMemory request was completed. (0x12B)
[0223/165928.045:WARNING:pe_image_reader.cc(340)] could not read dos header from C:\Program Files (x86)\Google\Chrome\Application\chrome.exe
[0223/165928.045:ERROR:process_memory_win.cc(73)] ReadMemory at 0x7ff86b4a0000 of 64 bytes failed: Only part of a ReadProcessMemory or WriteProcessMemory request was completed. (0x12B)
[0223/165928.045:WARNING:pe_image_reader.cc(340)] could not read dos header from C:\windows\SYSTEM32\ntdll.dll
[0223/165928.045:ERROR:process_memory_win.cc(73)] ReadMemory at 0x7ff86a480000 of 64 bytes failed: Only part of a ReadProcessMemory or WriteProcessMemory request was completed. (0x12B)
[0223/165928.045:WARNING:pe_image_reader.cc(340)] could not read dos header from C:\windows\System32\KERNEL32.DLL
[0223/165928.045:ERROR:process_memory_win.cc(73)] ReadMemory at 0x7ff867560000 of 64 bytes failed: Only part of a ReadProcessMemory or WriteProcessMemory request was completed. (0x12B)
[0223/165928.045:WARNING:pe_image_reader.cc(340)] could not read dos header from C:\windows\System32\KERNELBASE.dll
[0223/165928.045:ERROR:process_memory_win.cc(73)] ReadMemory at 0x7ff845530000 of 64 bytes failed: Only part of a ReadProcessMemory or WriteProcessMemory request was completed. (0x12B)
[0223/165928.045:WARNING:pe_image_reader.cc(340)] could not read dos header from C:\Program Files (x86)\Google\Chrome\Application\80.0.3987.116\chrome_elf.dll
[0223/165928.045:ERROR:process_memory_win.cc(73)] ReadMemory at 0x7ff85fe60000 of 64 bytes failed: Only part of a ReadProcessMemory or WriteProcessMemory request was completed. (0x12B)
[0223/165928.045:WARNING:pe_image_reader.cc(340)] could not read dos header from C:\windows\SYSTEM32\VERSION.dll
[0223/165928.045:ERROR:process_memory_win.cc(73)] ReadMemory at 0x7ff868d40000 of 64 bytes failed: Only part of a ReadProcessMemory or WriteProcessMemory request was completed. (0x12B)
[0223/165928.045:WARNING:pe_image_reader.cc(340)] could not read dos header from C:\windows\System32\msvcrt.dll
[0223/165928.045:ERROR:process_memory_win.cc(73)] ReadMemory at 0x7ff867e20000 of 64 bytes failed: Only part of a ReadProcessMemory or WriteProcessMemory request was completed. (0x12B)
[0223/165928.045:WARNING:pe_image_reader.cc(340)] could not read dos header from C:\windows\System32\bcryptPrimitives.dll
[0223/165928.045:ERROR:process_memory_win.cc(73)] ReadMemory at 0x7ff8686c0000 of 64 bytes failed: Only part of a ReadProcessMemory or WriteProcessMemory request was completed. (0x12B)
[0223/165928.045:WARNING:pe_image_reader.cc(340)] could not read dos header from C:\windows\System32\ADVAPI32.dll
[0223/165928.045:ERROR:process_memory_win.cc(73)] ReadMemory at 0x7ff86a9b0000 of 64 bytes failed: Only part of a ReadProcessMemory or WriteProcessMemory request was completed. (0x12B)
[0223/165928.046:WARNING:pe_image_reader.cc(340)] could not read dos header from C:\windows\System32\sechost.dll
[0223/165928.046:ERROR:process_memory_win.cc(73)] ReadMemory at 0x7ff86b050000 of 64 bytes failed: Only part of a ReadProcessMemory or WriteProcessMemory request was completed. (0x12B)
[0223/165928.046:WARNING:pe_image_reader.cc(340)] could not read dos header from C:\windows\System32\RPCRT4.dll
[0223/165928.046:ERROR:process_memory_win.cc(73)] ReadMemory at 0x7ff806d00000 of 64 bytes failed: Only part of a ReadProcessMemory or WriteProcessMemory request was completed. (0x12B)
[0223/165928.046:WARNING:pe_image_reader.cc(340)] could not read dos header from C:\Program Files (x86)\Google\Chrome\Application\80.0.3987.116\chrome.dll
[0223/165928.046:ERROR:process_memory_win.cc(73)] ReadMemory at 0x7ff86ad80000 of 64 bytes failed: Only part of a ReadProcessMemory or WriteProcessMemory request was completed. (0x12B)
[0223/165928.046:WARNING:pe_image_reader.cc(340)] could not read dos header from C:\windows\System32\WS2_32.dll
[0223/165928.046:ERROR:process_memory_win.cc(73)] ReadMemory at 0x7ff86b180000 of 64 bytes failed: Only part of a ReadProcessMemory or WriteProcessMemory request was completed. (0x12B)
[0223/165928.046:WARNING:pe_image_reader.cc(340)] could not read dos header from C:\windows\System32\OLEAUT32.dll
[0223/165928.046:ERROR:process_memory_win.cc(73)] ReadMemory at 0x7ff867d20000 of 64 bytes failed: Only part of a ReadProcessMemory or WriteProcessMemory request was completed. (0x12B)
[0223/165928.046:WARNING:pe_image_reader.cc(340)] could not read dos header from C:\windows\System32\msvcp_win.dll
[0223/165928.046:ERROR:process_memory_win.cc(73)] ReadMemory at 0x7ff867c20000 of 64 bytes failed: Only part of a ReadProcessMemory or WriteProcessMemory request was completed. (0x12B)
[0223/165928.046:WARNING:pe_image_reader.cc(340)] could not read dos header from C:\windows\System32\ucrtbase.dll
[0223/165928.046:ERROR:process_memory_win.cc(73)] ReadMemory at 0x7ff86aa50000 of 64 bytes failed: Only part of a ReadProcessMemory or WriteProcessMemory request was completed. (0x12B)
[0223/165928.046:WARNING:pe_image_reader.cc(340)] could not read dos header from C:\windows\System32\combase.dll
[0223/165928.046:ERROR:process_memory_win.cc(73)] ReadMemory at 0x7ff867dc0000 of 64 bytes failed: Only part of a ReadProcessMemory or WriteProcessMemory request was completed. (0x12B)
[0223/165928.046:WARNING:pe_image_reader.cc(340)] could not read dos header from C:\windows\System32\WINTRUST.dll
[0223/165928.046:ERROR:process_memory_win.cc(73)] ReadMemory at 0x7ff8674b0000 of 64 bytes failed: Only part of a ReadProcessMemory or WriteProcessMemory request was completed. (0x12B)
[0223/165928.046:WARNING:pe_image_reader.cc(340)] could not read dos header from C:\windows\System32\MSASN1.dll
[0223/165928.046:ERROR:process_memory_win.cc(73)] ReadMemory at 0x7ff8678a0000 of 64 bytes failed: Only part of a ReadProcessMemory or WriteProcessMemory request was completed. (0x12B)
[0223/165928.046:WARNING:pe_image_reader.cc(340)] could not read dos header from C:\windows\System32\CRYPT32.dll
[0223/165928.046:ERROR:process_memory_win.cc(73)] ReadMemory at 0x7ff8669c0000 of 64 bytes failed: Only part of a ReadProcessMemory or WriteProcessMemory request was completed. (0x12B)
[0223/165928.046:WARNING:pe_image_reader.cc(340)] could not read dos header from C:\windows\SYSTEM32\IPHLPAPI.DLL
[0223/165928.046:ERROR:process_memory_win.cc(73)] ReadMemory at 0x7ff864fc0000 of 64 bytes failed: Only part of a ReadProcessMemory or WriteProcessMemory request was completed. (0x12B)
[0223/165928.046:WARNING:pe_image_reader.cc(340)] could not read dos header from C:\windows\SYSTEM32\WINMM.dll
[0223/165928.046:ERROR:process_memory_win.cc(73)] ReadMemory at 0x7ff849980000 of 64 bytes failed: Only part of a ReadProcessMemory or WriteProcessMemory request was completed. (0x12B)
[0223/165928.046:WARNING:pe_image_reader.cc(340)] could not read dos header from C:\windows\SYSTEM32\Secur32.dll
[0223/165928.046:ERROR:process_memory_win.cc(73)] ReadMemory at 0x7ff8673c0000 of 64 bytes failed: Only part of a ReadProcessMemory or WriteProcessMemory request was completed. (0x12B)
[0223/165928.046:WARNING:pe_image_reader.cc(340)] could not read dos header from C:\windows\SYSTEM32\USERENV.dll
[0223/165928.046:ERROR:process_memory_win.cc(73)] ReadMemory at 0x7ff867530000 of 64 bytes failed: Only part of a ReadProcessMemory or WriteProcessMemory request was completed. (0x12B)
[0223/165928.046:WARNING:pe_image_reader.cc(340)] could not read dos header from C:\windows\System32\profapi.dll
[0223/165928.046:ERROR:process_memory_win.cc(73)] ReadMemory at 0x7ff83bee0000 of 64 bytes failed: Only part of a ReadProcessMemory or WriteProcessMemory request was completed. (0x12B)
[0223/165928.046:WARNING:pe_image_reader.cc(340)] could not read dos header from C:\windows\SYSTEM32\UIAutomationCore.DLL
[0223/165928.046:ERROR:process_memory_win.cc(73)] ReadMemory at 0x7ff84b3d0000 of 64 bytes failed: Only part of a ReadProcessMemory or WriteProcessMemory request was completed. (0x12B)
[0223/165928.046:WARNING:pe_image_reader.cc(340)] could not read dos header from C:\windows\SYSTEM32\DWrite.dll
[0223/165928.046:ERROR:process_memory_win.cc(73)] ReadMemory at 0x7ff83e130000 of 64 bytes failed: Only part of a ReadProcessMemory or WriteProcessMemory request was completed. (0x12B)
[0223/165928.046:WARNING:pe_image_reader.cc(340)] could not read dos header from C:\windows\SYSTEM32\WINSPOOL.DRV
[0223/165928.046:ERROR:process_memory_win.cc(73)] ReadMemory at 0x7ff867490000 of 64 bytes failed: Only part of a ReadProcessMemory or WriteProcessMemory request was completed. (0x12B)
[0223/165928.046:WARNING:pe_image_reader.cc(340)] could not read dos header from C:\windows\System32\kernel.appcore.dll
[0223/165928.046:ERROR:process_memory_win.cc(73)] ReadMemory at 0x7ff867850000 of 64 bytes failed: Only part of a ReadProcessMemory or WriteProcessMemory request was completed. (0x12B)
[0223/165928.046:WARNING:pe_image_reader.cc(340)] could not read dos header from C:\windows\System32\bcrypt.dll
[0223/165928.046:ERROR:process_memory_win.cc(73)] ReadMemory at 0x7ff865e40000 of 64 bytes failed: Only part of a ReadProcessMemory or WriteProcessMemory request was completed. (0x12B)
[0223/165928.046:WARNING:pe_image_reader.cc(340)] could not read dos header from C:\windows\SYSTEM32\dbghelp.dll
[0223/165928.046:ERROR:process_memory_win.cc(73)] ReadMemory at 0x7ff856410000 of 64 bytes failed: Only part of a ReadProcessMemory or WriteProcessMemory request was completed. (0x12B)
[0223/165928.046:WARNING:pe_image_reader.cc(340)] could not read dos header from C:\windows\SYSTEM32\WINHTTP.dll
[0223/165928.046:ERROR:process_memory_win.cc(73)] ReadMemory at 0x7ff85a190000 of 64 bytes failed: Only part of a ReadProcessMemory or WriteProcessMemory request was completed. (0x12B)
[0223/165928.046:WARNING:pe_image_reader.cc(340)] could not read dos header from C:\windows\SYSTEM32\dhcpcsvc.DLL
[0223/165928.046:ERROR:process_memory_win.cc(73)] ReadMemory at 0x7ff86a8c0000 of 64 bytes failed: Only part of a ReadProcessMemory or WriteProcessMemory request was completed. (0x12B)
[0223/165928.046:WARNING:pe_image_reader.cc(340)] could not read dos header from C:\windows\System32\NSI.dll
[0223/165928.046:ERROR:process_memory_win.cc(73)] ReadMemory at 0x7ff864ea0000 of 64 bytes failed: Only part of a ReadProcessMemory or WriteProcessMemory request was completed. (0x12B)
[0223/165928.046:WARNING:pe_image_reader.cc(340)] could not read dos header from C:\windows\SYSTEM32\WINMMBASE.dll
[0223/165928.047:ERROR:process_memory_win.cc(73)] ReadMemory at 0x7ff867800000 of 64 bytes failed: Only part of a ReadProcessMemory or WriteProcessMemory request was completed. (0x12B)
[0223/165928.047:WARNING:pe_image_reader.cc(340)] could not read dos header from C:\windows\System32\cfgmgr32.dll
[0223/165928.047:ERROR:process_memory_win.cc(73)] ReadMemory at 0x7ff84bbd0000 of 64 bytes failed: Only part of a ReadProcessMemory or WriteProcessMemory request was completed. (0x12B)
[0223/165928.047:WARNING:pe_image_reader.cc(340)] could not read dos header from C:\windows\SYSTEM32\Bcp47Langs.dll
[0223/165928.047:ERROR:process_memory_win.cc(73)] ReadMemory at 0x7ff865310000 of 64 bytes failed: Only part of a ReadProcessMemory or WriteProcessMemory request was completed. (0x12B)
[0223/165928.047:WARNING:pe_image_reader.cc(340)] could not read dos header from C:\windows\SYSTEM32\PROPSYS.dll
[0223/165928.047:ERROR:process_memory_win.cc(73)] ReadMemory at 0x7ff8687b0000 of 64 bytes failed: Only part of a ReadProcessMemory or WriteProcessMemory request was completed. (0x12B)
[0223/165928.047:WARNING:pe_image_reader.cc(340)] could not read dos header from C:\windows\System32\shcore.dll
[0223/165928.047:ERROR:process_memory_win.cc(73)] ReadMemory at 0x7ff867390000 of 64 bytes failed: Only part of a ReadProcessMemory or WriteProcessMemory request was completed. (0x12B)
[0223/165928.047:WARNING:pe_image_reader.cc(340)] could not read dos header from C:\windows\SYSTEM32\SSPICLI.DLL
[0223/165928.047:ERROR:process_memory_win.cc(73)] ReadMemory at 0x7ff866e70000 of 64 bytes failed: Only part of a ReadProcessMemory or WriteProcessMemory request was completed. (0x12B)
[0223/165928.047:WARNING:pe_image_reader.cc(340)] could not read dos header from C:\windows\SYSTEM32\CRYPTBASE.DLL
[0223/165928.047:ERROR:process_memory_win.cc(73)] ReadMemory at 0x7ff7be590000 of 64 bytes failed: Only part of a ReadProcessMemory or WriteProcessMemory request was completed. (0x12B)
[0223/165928.047:WARNING:pe_image_reader.cc(340)] could not read dos header from C:\Program Files (x86)\Google\Chrome\Application\chrome.exe
[0223/165928.047:ERROR:process_memory_win.cc(73)] ReadMemory at 0x7ff86b4a0000 of 64 bytes failed: Only part of a ReadProcessMemory or WriteProcessMemory request was completed. (0x12B)
[0223/165928.047:WARNING:pe_image_reader.cc(340)] could not read dos header from C:\windows\SYSTEM32\ntdll.dll
[0223/165928.047:ERROR:process_memory_win.cc(73)] ReadMemory at 0x7ff86a480000 of 64 bytes failed: Only part of a ReadProcessMemory or WriteProcessMemory request was completed. (0x12B)
[0223/165928.047:WARNING:pe_image_reader.cc(340)] could not read dos header from C:\windows\System32\KERNEL32.DLL
[0223/165928.047:ERROR:process_memory_win.cc(73)] ReadMemory at 0x7ff867560000 of 64 bytes failed: Only part of a ReadProcessMemory or WriteProcessMemory request was completed. (0x12B)
[0223/165928.047:WARNING:pe_image_reader.cc(340)] could not read dos header from C:\windows\System32\KERNELBASE.dll
[0223/165928.047:ERROR:process_memory_win.cc(73)] ReadMemory at 0x7ff845530000 of 64 bytes failed: Only part of a ReadProcessMemory or WriteProcessMemory request was completed. (0x12B)
[0223/165928.047:WARNING:pe_image_reader.cc(340)] could not read dos header from C:\Program Files (x86)\Google\Chrome\Application\80.0.3987.116\chrome_elf.dll
[0223/165928.047:ERROR:process_memory_win.cc(73)] ReadMemory at 0x7ff85fe60000 of 64 bytes failed: Only part of a ReadProcessMemory or WriteProcessMemory request was completed. (0x12B)
[0223/165928.047:WARNING:pe_image_reader.cc(340)] could not read dos header from C:\windows\SYSTEM32\VERSION.dll
[0223/165928.047:ERROR:process_memory_win.cc(73)] ReadMemory at 0x7ff868d40000 of 64 bytes failed: Only part of a ReadProcessMemory or WriteProcessMemory request was completed. (0x12B)
[0223/165928.047:WARNING:pe_image_reader.cc(340)] could not read dos header from C:\windows\System32\msvcrt.dll
[0223/165928.047:ERROR:process_memory_win.cc(73)] ReadMemory at 0x7ff867e20000 of 64 bytes failed: Only part of a ReadProcessMemory or WriteProcessMemory request was completed. (0x12B)
[0223/165928.047:WARNING:pe_image_reader.cc(340)] could not read dos header from C:\windows\System32\bcryptPrimitives.dll
[0223/165928.047:ERROR:process_memory_win.cc(73)] ReadMemory at 0x7ff8686c0000 of 64 bytes failed: Only part of a ReadProcessMemory or WriteProcessMemory request was completed. (0x12B)
[0223/165928.047:WARNING:pe_image_reader.cc(340)] could not read dos header from C:\windows\System32\ADVAPI32.dll
[0223/165928.047:ERROR:process_memory_win.cc(73)] ReadMemory at 0x7ff86a9b0000 of 64 bytes failed: Only part of a ReadProcessMemory or WriteProcessMemory request was completed. (0x12B)
[0223/165928.047:WARNING:pe_image_reader.cc(340)] could not read dos header from C:\windows\System32\sechost.dll
[0223/165928.047:ERROR:process_memory_win.cc(73)] ReadMemory at 0x7ff86b050000 of 64 bytes failed: Only part of a ReadProcessMemory or WriteProcessMemory request was completed. (0x12B)
[0223/165928.047:WARNING:pe_image_reader.cc(340)] could not read dos header from C:\windows\System32\RPCRT4.dll
[0223/165928.047:ERROR:process_memory_win.cc(73)] ReadMemory at 0x7ff806d00000 of 64 bytes failed: Only part of a ReadProcessMemory or WriteProcessMemory request was completed. (0x12B)
[0223/165928.047:WARNING:pe_image_reader.cc(340)] could not read dos header from C:\Program Files (x86)\Google\Chrome\Application\80.0.3987.116\chrome.dll
[0223/165928.047:ERROR:process_memory_win.cc(73)] ReadMemory at 0x7ff86ad80000 of 64 bytes failed: Only part of a ReadProcessMemory or WriteProcessMemory request was completed. (0x12B)
[0223/165928.047:WARNING:pe_image_reader.cc(340)] could not read dos header from C:\windows\System32\WS2_32.dll
[0223/165928.047:ERROR:process_memory_win.cc(73)] ReadMemory at 0x7ff86b180000 of 64 bytes failed: Only part of a ReadProcessMemory or WriteProcessMemory request was completed. (0x12B)
[0223/165928.047:WARNING:pe_image_reader.cc(340)] could not read dos header from C:\windows\System32\OLEAUT32.dll
[0223/165928.047:ERROR:process_memory_win.cc(73)] ReadMemory at 0x7ff867d20000 of 64 bytes failed: Only part of a ReadProcessMemory or WriteProcessMemory request was completed. (0x12B)
[0223/165928.047:WARNING:pe_image_reader.cc(340)] could not read dos header from C:\windows\System32\msvcp_win.dll
[0223/165928.047:ERROR:process_memory_win.cc(73)] ReadMemory at 0x7ff867c20000 of 64 bytes failed: Only part of a ReadProcessMemory or WriteProcessMemory request was completed. (0x12B)
[0223/165928.047:WARNING:pe_image_reader.cc(340)] could not read dos header from C:\windows\System32\ucrtbase.dll
[0223/165928.047:ERROR:process_memory_win.cc(73)] ReadMemory at 0x7ff86aa50000 of 64 bytes failed: Only part of a ReadProcessMemory or WriteProcessMemory request was completed. (0x12B)
[0223/165928.047:WARNING:pe_image_reader.cc(340)] could not read dos header from C:\windows\System32\combase.dll
[0223/165928.047:ERROR:process_memory_win.cc(73)] ReadMemory at 0x7ff867dc0000 of 64 bytes failed: Only part of a ReadProcessMemory or WriteProcessMemory request was completed. (0x12B)
[0223/165928.047:WARNING:pe_image_reader.cc(340)] could not read dos header from C:\windows\System32\WINTRUST.dll
[0223/165928.047:ERROR:process_memory_win.cc(73)] ReadMemory at 0x7ff8674b0000 of 64 bytes failed: Only part of a ReadProcessMemory or WriteProcessMemory request was completed. (0x12B)
[0223/165928.047:WARNING:pe_image_reader.cc(340)] could not read dos header from C:\windows\System32\MSASN1.dll
[0223/165928.047:ERROR:process_memory_win.cc(73)] ReadMemory at 0x7ff8678a0000 of 64 bytes failed: Only part of a ReadProcessMemory or WriteProcessMemory request was completed. (0x12B)
[0223/165928.047:WARNING:pe_image_reader.cc(340)] could not read dos header from C:\windows\System32\CRYPT32.dll
[0223/165928.048:ERROR:process_memory_win.cc(73)] ReadMemory at 0x7ff8669c0000 of 64 bytes failed: Only part of a ReadProcessMemory or WriteProcessMemory request was completed. (0x12B)
[0223/165928.048:WARNING:pe_image_reader.cc(340)] could not read dos header from C:\windows\SYSTEM32\IPHLPAPI.DLL
[0223/165928.048:ERROR:process_memory_win.cc(73)] ReadMemory at 0x7ff864fc0000 of 64 bytes failed: Only part of a ReadProcessMemory or WriteProcessMemory request was completed. (0x12B)
[0223/165928.048:WARNING:pe_image_reader.cc(340)] could not read dos header from C:\windows\SYSTEM32\WINMM.dll
[0223/165928.048:ERROR:process_memory_win.cc(73)] ReadMemory at 0x7ff849980000 of 64 bytes failed: Only part of a ReadProcessMemory or WriteProcessMemory request was completed. (0x12B)
[0223/165928.048:WARNING:pe_image_reader.cc(340)] could not read dos header from C:\windows\SYSTEM32\Secur32.dll
[0223/165928.048:ERROR:process_memory_win.cc(73)] ReadMemory at 0x7ff8673c0000 of 64 bytes failed: Only part of a ReadProcessMemory or WriteProcessMemory request was completed. (0x12B)
[0223/165928.048:WARNING:pe_image_reader.cc(340)] could not read dos header from C:\windows\SYSTEM32\USERENV.dll
[0223/165928.048:ERROR:process_memory_win.cc(73)] ReadMemory at 0x7ff867530000 of 64 bytes failed: Only part of a ReadProcessMemory or WriteProcessMemory request was completed. (0x12B)
[0223/165928.048:WARNING:pe_image_reader.cc(340)] could not read dos header from C:\windows\System32\profapi.dll
[0223/165928.048:ERROR:process_memory_win.cc(73)] ReadMemory at 0x7ff83bee0000 of 64 bytes failed: Only part of a ReadProcessMemory or WriteProcessMemory request was completed. (0x12B)
[0223/165928.048:WARNING:pe_image_reader.cc(340)] could not read dos header from C:\windows\SYSTEM32\UIAutomationCore.DLL
[0223/165928.048:ERROR:process_memory_win.cc(73)] ReadMemory at 0x7ff84b3d0000 of 64 bytes failed: Only part of a ReadProcessMemory or WriteProcessMemory request was completed. (0x12B)
[0223/165928.048:WARNING:pe_image_reader.cc(340)] could not read dos header from C:\windows\SYSTEM32\DWrite.dll
[0223/165928.048:ERROR:process_memory_win.cc(73)] ReadMemory at 0x7ff83e130000 of 64 bytes failed: Only part of a ReadProcessMemory or WriteProcessMemory request was completed. (0x12B)
[0223/165928.048:WARNING:pe_image_reader.cc(340)] could not read dos header from C:\windows\SYSTEM32\WINSPOOL.DRV
[0223/165928.048:ERROR:process_memory_win.cc(73)] ReadMemory at 0x7ff867490000 of 64 bytes failed: Only part of a ReadProcessMemory or WriteProcessMemory request was completed. (0x12B)
[0223/165928.048:WARNING:pe_image_reader.cc(340)] could not read dos header from C:\windows\System32\kernel.appcore.dll
[0223/165928.048:ERROR:process_memory_win.cc(73)] ReadMemory at 0x7ff867850000 of 64 bytes failed: Only part of a ReadProcessMemory or WriteProcessMemory request was completed. (0x12B)
[0223/165928.048:WARNING:pe_image_reader.cc(340)] could not read dos header from C:\windows\System32\bcrypt.dll
[0223/165928.048:ERROR:process_memory_win.cc(73)] ReadMemory at 0x7ff865e40000 of 64 bytes failed: Only part of a ReadProcessMemory or WriteProcessMemory request was completed. (0x12B)
[0223/165928.048:WARNING:pe_image_reader.cc(340)] could not read dos header from C:\windows\SYSTEM32\dbghelp.dll
[0223/165928.048:ERROR:process_memory_win.cc(73)] ReadMemory at 0x7ff856410000 of 64 bytes failed: Only part of a ReadProcessMemory or WriteProcessMemory request was completed. (0x12B)
[0223/165928.048:WARNING:pe_image_reader.cc(340)] could not read dos header from C:\windows\SYSTEM32\WINHTTP.dll
[0223/165928.048:ERROR:process_memory_win.cc(73)] ReadMemory at 0x7ff85a190000 of 64 bytes failed: Only part of a ReadProcessMemory or WriteProcessMemory request was completed. (0x12B)
[0223/165928.048:WARNING:pe_image_reader.cc(340)] could not read dos header from C:\windows\SYSTEM32\dhcpcsvc.DLL
[0223/165928.048:ERROR:process_memory_win.cc(73)] ReadMemory at 0x7ff86a8c0000 of 64 bytes failed: Only part of a ReadProcessMemory or WriteProcessMemory request was completed. (0x12B)
[0223/165928.048:WARNING:pe_image_reader.cc(340)] could not read dos header from C:\windows\System32\NSI.dll
[0223/165928.048:ERROR:process_memory_win.cc(73)] ReadMemory at 0x7ff864ea0000 of 64 bytes failed: Only part of a ReadProcessMemory or WriteProcessMemory request was completed. (0x12B)
[0223/165928.048:WARNING:pe_image_reader.cc(340)] could not read dos header from C:\windows\SYSTEM32\WINMMBASE.dll
[0223/165928.048:ERROR:process_memory_win.cc(73)] ReadMemory at 0x7ff867800000 of 64 bytes failed: Only part of a ReadProcessMemory or WriteProcessMemory request was completed. (0x12B)
[0223/165928.048:WARNING:pe_image_reader.cc(340)] could not read dos header from C:\windows\System32\cfgmgr32.dll
[0223/165928.048:ERROR:process_memory_win.cc(73)] ReadMemory at 0x7ff84bbd0000 of 64 bytes failed: Only part of a ReadProcessMemory or WriteProcessMemory request was completed. (0x12B)
[0223/165928.048:WARNING:pe_image_reader.cc(340)] could not read dos header from C:\windows\SYSTEM32\Bcp47Langs.dll
[0223/165928.048:ERROR:process_memory_win.cc(73)] ReadMemory at 0x7ff865310000 of 64 bytes failed: Only part of a ReadProcessMemory or WriteProcessMemory request was completed. (0x12B)
[0223/165928.048:WARNING:pe_image_reader.cc(340)] could not read dos header from C:\windows\SYSTEM32\PROPSYS.dll
[0223/165928.048:ERROR:process_memory_win.cc(73)] ReadMemory at 0x7ff8687b0000 of 64 bytes failed: Only part of a ReadProcessMemory or WriteProcessMemory request was completed. (0x12B)
[0223/165928.048:WARNING:pe_image_reader.cc(340)] could not read dos header from C:\windows\System32\shcore.dll
[0223/165928.048:ERROR:process_memory_win.cc(73)] ReadMemory at 0x7ff867390000 of 64 bytes failed: Only part of a ReadProcessMemory or WriteProcessMemory request was completed. (0x12B)
[0223/165928.048:WARNING:pe_image_reader.cc(340)] could not read dos header from C:\windows\SYSTEM32\SSPICLI.DLL
[0223/165928.048:ERROR:process_memory_win.cc(73)] ReadMemory at 0x7ff866e70000 of 64 bytes failed: Only part of a ReadProcessMemory or WriteProcessMemory request was completed. (0x12B)
[0223/165928.048:WARNING:pe_image_reader.cc(340)] could not read dos header from C:\windows\SYSTEM32\CRYPTBASE.DLL
[0223/165928.054:ERROR:process_memory_win.cc(73)] ReadMemory at 0x2ecdf6000 of 40960 bytes failed: Only part of a ReadProcessMemory or WriteProcessMemory request was completed. (0x12B)
[0223/165928.054:ERROR:process_memory_win.cc(73)] ReadMemory at 0x2ed5fd000 of 12288 bytes failed: Only part of a ReadProcessMemory or WriteProcessMemory request was completed. (0x12B)
[0223/165928.054:ERROR:process_memory_win.cc(73)] ReadMemory at 0x2eddfc000 of 16384 bytes failed: Only part of a ReadProcessMemory or WriteProcessMemory request was completed. (0x12B)
[0223/165928.054:ERROR:process_memory_win.cc(73)] ReadMemory at 0x2ee5fc000 of 16384 bytes failed: Only part of a ReadProcessMemory or WriteProcessMemory request was completed. (0x12B)
[0223/165928.054:ERROR:process_memory_win.cc(73)] ReadMemory at 0x2eedfb000 of 20480 bytes failed: Only part of a ReadProcessMemory or WriteProcessMemory request was completed. (0x12B)
[0223/165928.054:ERROR:process_memory_win.cc(73)] ReadMemory at 0x2ef5fe000 of 8192 bytes failed: Only part of a ReadProcessMemory or WriteProcessMemory request was completed. (0x12B)
[0223/165928.054:ERROR:process_memory_win.cc(73)] ReadMemory at 0x2efdfd000 of 12288 bytes failed: Only part of a ReadProcessMemory or WriteProcessMemory request was completed. (0x12B)
[0223/165928.054:ERROR:process_memory_win.cc(73)] ReadMemory at 0x2f05fb000 of 20480 bytes failed: Only part of a ReadProcessMemory or WriteProcessMemory request was completed. (0x12B)
[0223/165928.054:ERROR:process_memory_win.cc(73)] ReadMemory at 0x2f15fd000 of 12288 bytes failed: Only part of a ReadProcessMemory or WriteProcessMemory request was completed. (0x12B)
[0223/165928.054:ERROR:process_memory_win.cc(73)] ReadMemory at 0x2f1dfd000 of 12288 bytes failed: Only part of a ReadProcessMemory or WriteProcessMemory request was completed. (0x12B)
[0223/165928.054:ERROR:process_memory_win.cc(73)] ReadMemory at 0x2f25fd000 of 12288 bytes failed: Only part of a ReadProcessMemory or WriteProcessMemory request was completed. (0x12B)
[0223/165928.054:ERROR:process_memory_win.cc(73)] ReadMemory at 0x2f2dfd000 of 12288 bytes failed: Only part of a ReadProcessMemory or WriteProcessMemory request was completed. (0x12B)
[0223/165928.054:ERROR:process_memory_win.cc(73)] ReadMemory at 0x2f35fd000 of 12288 bytes failed: Only part of a ReadProcessMemory or WriteProcessMemory request was completed. (0x12B)
[0223/165928.054:ERROR:process_memory_win.cc(73)] ReadMemory at 0x2f3dfd000 of 12288 bytes failed: Only part of a ReadProcessMemory or WriteProcessMemory request was completed. (0x12B)
[0223/165928.054:ERROR:process_memory_win.cc(73)] ReadMemory at 0x2f0dfd000 of 12288 bytes failed: Only part of a ReadProcessMemory or WriteProcessMemory request was completed. (0x12B)
[0223/165928.055:ERROR:process_memory_win.cc(73)] ReadMemory at 0x2ec546000 of 852 bytes failed: Only part of a ReadProcessMemory or WriteProcessMemory request was completed. (0x12B)
[0223/165928.055:ERROR:process_memory_win.cc(73)] ReadMemory at 0x2ec547000 of 6024 bytes failed: Only part of a ReadProcessMemory or WriteProcessMemory request was completed. (0x12B)
[0223/165928.055:ERROR:process_memory_win.cc(73)] ReadMemory at 0x2ec549000 of 6024 bytes failed: Only part of a ReadProcessMemory or WriteProcessMemory request was completed. (0x12B)
[0223/165928.055:ERROR:process_memory_win.cc(73)] ReadMemory at 0x2ec54b000 of 6024 bytes failed: Only part of a ReadProcessMemory or WriteProcessMemory request was completed. (0x12B)
[0223/165928.055:ERROR:process_memory_win.cc(73)] ReadMemory at 0x2ec54d000 of 6024 bytes failed: Only part of a ReadProcessMemory or WriteProcessMemory request was completed. (0x12B)
[0223/165928.055:ERROR:process_memory_win.cc(73)] ReadMemory at 0x2ec54f000 of 6024 bytes failed: Only part of a ReadProcessMemory or WriteProcessMemory request was completed. (0x12B)
[0223/165928.055:ERROR:process_memory_win.cc(73)] ReadMemory at 0x2ec551000 of 6024 bytes failed: Only part of a ReadProcessMemory or WriteProcessMemory request was completed. (0x12B)
[0223/165928.055:ERROR:process_memory_win.cc(73)] ReadMemory at 0x2ec553000 of 6024 bytes failed: Only part of a ReadProcessMemory or WriteProcessMemory request was completed. (0x12B)
[0223/165928.055:ERROR:process_memory_win.cc(73)] ReadMemory at 0x2ec555000 of 6024 bytes failed: Only part of a ReadProcessMemory or WriteProcessMemory request was completed. (0x12B)
[0223/165928.055:ERROR:process_memory_win.cc(73)] ReadMemory at 0x2ec559000 of 6024 bytes failed: Only part of a ReadProcessMemory or WriteProcessMemory request was completed. (0x12B)
[0223/165928.055:ERROR:process_memory_win.cc(73)] ReadMemory at 0x2ec55b000 of 6024 bytes failed: Only part of a ReadProcessMemory or WriteProcessMemory request was completed. (0x12B)
[0223/165928.055:ERROR:process_memory_win.cc(73)] ReadMemory at 0x2ec55d000 of 6024 bytes failed: Only part of a ReadProcessMemory or WriteProcessMemory request was completed. (0x12B)
[0223/165928.055:ERROR:process_memory_win.cc(73)] ReadMemory at 0x2ec55f000 of 6024 bytes failed: Only part of a ReadProcessMemory or WriteProcessMemory request was completed. (0x12B)
[0223/165928.055:ERROR:process_memory_win.cc(73)] ReadMemory at 0x2ec561000 of 6024 bytes failed: Only part of a ReadProcessMemory or WriteProcessMemory request was completed. (0x12B)
[0223/165928.055:ERROR:process_memory_win.cc(73)] ReadMemory at 0x2ec563000 of 6024 bytes failed: Only part of a ReadProcessMemory or WriteProcessMemory request was completed. (0x12B)
[0223/165928.055:ERROR:process_memory_win.cc(73)] ReadMemory at 0x2ec565000 of 6024 bytes failed: Only part of a ReadProcessMemory or WriteProcessMemory request was completed. (0x12B)
[0223/165928.055:ERROR:process_memory_win.cc(73)] ReadMemory at 0x15cbd3f0fe0 of 17436 bytes failed: Only part of a ReadProcessMemory or WriteProcessMemory request was completed. (0x12B)
[0223/165928.055:ERROR:process_memory_win.cc(73)] ReadMemory at 0x15cbd3f5410 of 1012 bytes failed: Only part of a ReadProcessMemory or WriteProcessMemory request was completed. (0x12B)
[0223/165928.055:ERROR:process_memory_win.cc(73)] ReadMemory at 0x15cbd3f5a38 of 118 bytes failed: Only part of a ReadProcessMemory or WriteProcessMemory request was completed. (0x12B)
[0223/165928.055:ERROR:process_memory_win.cc(73)] ReadMemory at 0x15cbd3f5ab0 of 758 bytes failed: Only part of a ReadProcessMemory or WriteProcessMemory request was completed. (0x12B)
[0223/165928.055:ERROR:process_memory_win.cc(73)] ReadMemory at 0x15cbd3f5da8 of 118 bytes failed: Only part of a ReadProcessMemory or WriteProcessMemory request was completed. (0x12B)
[0223/165928.055:ERROR:process_memory_win.cc(73)] ReadMemory at 0x15cbd3f5e20 of 94 bytes failed: Only part of a ReadProcessMemory or WriteProcessMemory request was completed. (0x12B)
[0223/165928.055:ERROR:process_memory_win.cc(73)] ReadMemory at 0x15cbd3f5e90 of 58 bytes failed: Only part of a ReadProcessMemory or WriteProcessMemory request was completed. (0x12B)
[0223/165928.055:ERROR:process_memory_win.cc(73)] ReadMemory at 0x15cbd3f5f90 of 132 bytes failed: Only part of a ReadProcessMemory or WriteProcessMemory request was completed. (0x12B)
[0223/165928.055:ERROR:process_memory_win.cc(73)] ReadMemory at 0x15cbd3f6120 of 132 bytes failed: Only part of a ReadProcessMemory or WriteProcessMemory request was completed. (0x12B)
[0223/165928.056:ERROR:process_memory_win.cc(73)] ReadMemory at 0x15cbd3f62e0 of 126 bytes failed: Only part of a ReadProcessMemory or WriteProcessMemory request was completed. (0x12B)
[0223/165928.056:ERROR:process_memory_win.cc(73)] ReadMemory at 0x15cbd3f66c0 of 132 bytes failed: Only part of a ReadProcessMemory or WriteProcessMemory request was completed. (0x12B)
[0223/165928.056:ERROR:process_memory_win.cc(73)] ReadMemory at 0x15cbd3f6850 of 64 bytes failed: Only part of a ReadProcessMemory or WriteProcessMemory request was completed. (0x12B)
[0223/165928.056:ERROR:process_memory_win.cc(73)] ReadMemory at 0x15cbd3f68a0 of 146 bytes failed: Only part of a ReadProcessMemory or WriteProcessMemory request was completed. (0x12B)
[0223/165928.056:ERROR:process_memory_win.cc(73)] ReadMemory at 0x15cbd3f6980 of 132 bytes failed: Only part of a ReadProcessMemory or WriteProcessMemory request was completed. (0x12B)
[0223/165928.056:ERROR:process_memory_win.cc(73)] ReadMemory at 0x15cbd3f6cb0 of 132 bytes failed: Only part of a ReadProcessMemory or WriteProcessMemory request was completed. (0x12B)
[0223/165928.056:ERROR:process_memory_win.cc(73)] ReadMemory at 0x15cbd3f6e40 of 68 bytes failed: Only part of a ReadProcessMemory or WriteProcessMemory request was completed. (0x12B)
[0223/165928.056:ERROR:process_memory_win.cc(73)] ReadMemory at 0x15cbd3f7d20 of 132 bytes failed: Only part of a ReadProcessMemory or WriteProcessMemory request was completed. (0x12B)
[0223/165928.056:ERROR:process_memory_win.cc(73)] ReadMemory at 0x15cbd3f7e90 of 132 bytes failed: Only part of a ReadProcessMemory or WriteProcessMemory request was completed. (0x12B)
[0223/165928.056:ERROR:process_memory_win.cc(73)] ReadMemory at 0x15cbd3f7fd0 of 154 bytes failed: Only part of a ReadProcessMemory or WriteProcessMemory request was completed. (0x12B)
[0223/165928.056:ERROR:process_memory_win.cc(73)] ReadMemory at 0x15cbd3f8ad0 of 132 bytes failed: Only part of a ReadProcessMemory or WriteProcessMemory request was completed. (0x12B)
[0223/165928.056:ERROR:process_memory_win.cc(73)] ReadMemory at 0x15cbd3f8c00 of 132 bytes failed: Only part of a ReadProcessMemory or WriteProcessMemory request was completed. (0x12B)
[0223/165928.056:ERROR:process_memory_win.cc(73)] ReadMemory at 0x15cbd3f8db0 of 62 bytes failed: Only part of a ReadProcessMemory or WriteProcessMemory request was completed. (0x12B)
[0223/165928.056:ERROR:process_memory_win.cc(73)] ReadMemory at 0x15cbd3f8f10 of 132 bytes failed: Only part of a ReadProcessMemory or WriteProcessMemory request was completed. (0x12B)
[0223/165928.056:ERROR:process_memory_win.cc(73)] ReadMemory at 0x15cbd3f90a0 of 60 bytes failed: Only part of a ReadProcessMemory or WriteProcessMemory request was completed. (0x12B)
[0223/165928.056:ERROR:process_memory_win.cc(73)] ReadMemory at 0x15cbd3fa950 of 132 bytes failed: Only part of a ReadProcessMemory or WriteProcessMemory request was completed. (0x12B)
[0223/165928.056:ERROR:process_memory_win.cc(73)] ReadMemory at 0x15cbd3fb000 of 512 bytes failed: Only part of a ReadProcessMemory or WriteProcessMemory request was completed. (0x12B)
[0223/165928.056:ERROR:process_memory_win.cc(73)] ReadMemory at 0x15cbd3fd870 of 132 bytes failed: Only part of a ReadProcessMemory or WriteProcessMemory request was completed. (0x12B)
[0223/165928.056:ERROR:process_memory_win.cc(73)] ReadMemory at 0x15cbd3fda00 of 80 bytes failed: Only part of a ReadProcessMemory or WriteProcessMemory request was completed. (0x12B)
[0223/165928.056:ERROR:process_memory_win.cc(73)] ReadMemory at 0x15cbd3fdbf0 of 60 bytes failed: Only part of a ReadProcessMemory or WriteProcessMemory request was completed. (0x12B)
[0223/165928.056:ERROR:process_memory_win.cc(73)] ReadMemory at 0x15cbd3fdc40 of 64 bytes failed: Only part of a ReadProcessMemory or WriteProcessMemory request was completed. (0x12B)
[0223/165928.056:ERROR:process_memory_win.cc(73)] ReadMemory at 0x15cbd3fdce0 of 64 bytes failed: Only part of a ReadProcessMemory or WriteProcessMemory request was completed. (0x12B)
[0223/165928.056:ERROR:process_memory_win.cc(73)] ReadMemory at 0x15cbd3fdd80 of 66 bytes failed: Only part of a ReadProcessMemory or WriteProcessMemory request was completed. (0x12B)
[0223/165928.056:ERROR:process_memory_win.cc(73)] ReadMemory at 0x15cbd3fde20 of 64 bytes failed: Only part of a ReadProcessMemory or WriteProcessMemory request was completed. (0x12B)
[0223/165928.056:ERROR:process_memory_win.cc(73)] ReadMemory at 0x15cbd3fdec0 of 62 bytes failed: Only part of a ReadProcessMemory or WriteProcessMemory request was completed. (0x12B)
[0223/165928.056:ERROR:process_memory_win.cc(73)] ReadMemory at 0x15cbd3fdf60 of 64 bytes failed: Only part of a ReadProcessMemory or WriteProcessMemory request was completed. (0x12B)
[0223/165928.056:ERROR:process_memory_win.cc(73)] ReadMemory at 0x15cbd3fdfb0 of 62 bytes failed: Only part of a ReadProcessMemory or WriteProcessMemory request was completed. (0x12B)
[0223/165928.056:ERROR:process_memory_win.cc(73)] ReadMemory at 0x15cbd3fe280 of 60 bytes failed: Only part of a ReadProcessMemory or WriteProcessMemory request was completed. (0x12B)
[0223/165928.056:ERROR:process_memory_win.cc(73)] ReadMemory at 0x15cbd3ff1d0 of 80 bytes failed: Only part of a ReadProcessMemory or WriteProcessMemory request was completed. (0x12B)
[0223/165928.057:ERROR:process_memory_win.cc(73)] ReadMemory at 0x15cbd3ff290 of 76 bytes failed: Only part of a ReadProcessMemory or WriteProcessMemory request was completed. (0x12B)
[0223/165928.057:ERROR:process_memory_win.cc(73)] ReadMemory at 0x15cbd3ff7c0 of 60 bytes failed: Only part of a ReadProcessMemory or WriteProcessMemory request was completed. (0x12B)
[0223/165928.057:ERROR:process_memory_win.cc(73)] ReadMemory at 0x15cbd3ffa90 of 64 bytes failed: Only part of a ReadProcessMemory or WriteProcessMemory request was completed. (0x12B)
[0223/165928.057:ERROR:process_memory_win.cc(73)] ReadMemory at 0x15cbd3ffae0 of 62 bytes failed: Only part of a ReadProcessMemory or WriteProcessMemory request was completed. (0x12B)
[0223/165928.057:ERROR:process_memory_win.cc(73)] ReadMemory at 0x15cbd3ffd60 of 60 bytes failed: Only part of a ReadProcessMemory or WriteProcessMemory request was completed. (0x12B)
[0223/165928.057:ERROR:process_memory_win.cc(73)] ReadMemory at 0x15cbd3ffdb0 of 64 bytes failed: Only part of a ReadProcessMemory or WriteProcessMemory request was completed. (0x12B)
[0223/165928.057:ERROR:process_memory_win.cc(73)] ReadMemory at 0x15cbd3ffe50 of 62 bytes failed: Only part of a ReadProcessMemory or WriteProcessMemory request was completed. (0x12B)
[0223/165928.057:ERROR:process_memory_win.cc(73)] ReadMemory at 0x15cbd3ffea0 of 58 bytes failed: Only part of a ReadProcessMemory or WriteProcessMemory request was completed. (0x12B)
[0223/165928.057:ERROR:process_memory_win.cc(73)] ReadMemory at 0x15cbd3ffef0 of 62 bytes failed: Only part of a ReadProcessMemory or WriteProcessMemory request was completed. (0x12B)
[0223/165928.057:ERROR:process_memory_win.cc(73)] ReadMemory at 0x15cbd3fff90 of 66 bytes failed: Only part of a ReadProcessMemory or WriteProcessMemory request was completed. (0x12B)
[0223/165928.057:ERROR:process_memory_win.cc(73)] ReadMemory at 0x15cbd3fffe0 of 62 bytes failed: Only part of a ReadProcessMemory or WriteProcessMemory request was completed. (0x12B)
[0223/165928.057:ERROR:process_memory_win.cc(73)] ReadMemory at 0x15cbd400080 of 62 bytes failed: Only part of a ReadProcessMemory or WriteProcessMemory request was completed. (0x12B)
[0223/165928.057:ERROR:process_memory_win.cc(73)] ReadMemory at 0x15cbd400350 of 62 bytes failed: Only part of a ReadProcessMemory or WriteProcessMemory request was completed. (0x12B)
[0223/165928.057:ERROR:process_memory_win.cc(73)] ReadMemory at 0x15cbd4003a0 of 62 bytes failed: Only part of a ReadProcessMemory or WriteProcessMemory request was completed. (0x12B)
[0223/165928.057:ERROR:process_memory_win.cc(73)] ReadMemory at 0x15cbd4003f0 of 60 bytes failed: Only part of a ReadProcessMemory or WriteProcessMemory request was completed. (0x12B)
[0223/165928.057:ERROR:process_memory_win.cc(73)] ReadMemory at 0x15cbd400440 of 64 bytes failed: Only part of a ReadProcessMemory or WriteProcessMemory request was completed. (0x12B)
[0223/165928.057:ERROR:process_memory_win.cc(73)] ReadMemory at 0x15cbd4005d0 of 60 bytes failed: Only part of a ReadProcessMemory or WriteProcessMemory request was completed. (0x12B)
[0223/165928.057:ERROR:process_memory_win.cc(73)] ReadMemory at 0x15cbd400620 of 62 bytes failed: Only part of a ReadProcessMemory or WriteProcessMemory request was completed. (0x12B)
[0223/165928.057:ERROR:process_memory_win.cc(73)] ReadMemory at 0x15cbd4006c0 of 64 bytes failed: Only part of a ReadProcessMemory or WriteProcessMemory request was completed. (0x12B)
[0223/165928.057:ERROR:process_memory_win.cc(73)] ReadMemory at 0x15cbd400710 of 68 bytes failed: Only part of a ReadProcessMemory or WriteProcessMemory request was completed. (0x12B)
[0223/165928.057:ERROR:process_memory_win.cc(73)] ReadMemory at 0x15cbd402dd0 of 132 bytes failed: Only part of a ReadProcessMemory or WriteProcessMemory request was completed. (0x12B)
[0223/165928.057:ERROR:process_memory_win.cc(73)] ReadMemory at 0x15cbd404000 of 132 bytes failed: Only part of a ReadProcessMemory or WriteProcessMemory request was completed. (0x12B)
[0223/165928.057:ERROR:process_memory_win.cc(73)] ReadMemory at 0x15cbd404130 of 132 bytes failed: Only part of a ReadProcessMemory or WriteProcessMemory request was completed. (0x12B)
[0223/165928.057:ERROR:process_memory_win.cc(73)] ReadMemory at 0x15cbd404260 of 132 bytes failed: Only part of a ReadProcessMemory or WriteProcessMemory request was completed. (0x12B)
[0223/165928.057:ERROR:process_memory_win.cc(73)] ReadMemory at 0x15cbd404390 of 132 bytes failed: Only part of a ReadProcessMemory or WriteProcessMemory request was completed. (0x12B)
[0223/165928.057:ERROR:process_memory_win.cc(73)] ReadMemory at 0x15cbd4044c0 of 132 bytes failed: Only part of a ReadProcessMemory or WriteProcessMemory request was completed. (0x12B)
[0223/165928.057:ERROR:process_memory_win.cc(73)] ReadMemory at 0x15cbd4045f0 of 132 bytes failed: Only part of a ReadProcessMemory or WriteProcessMemory request was completed. (0x12B)
[0223/165928.058:ERROR:process_memory_win.cc(73)] ReadMemory at 0x15cbd404850 of 132 bytes failed: Only part of a ReadProcessMemory or WriteProcessMemory request was completed. (0x12B)
[0223/165928.058:ERROR:process_memory_win.cc(73)] ReadMemory at 0x15cbd404980 of 132 bytes failed: Only part of a ReadProcessMemory or WriteProcessMemory request was completed. (0x12B)
[0223/165928.058:ERROR:process_memory_win.cc(73)] ReadMemory at 0x15cbd404ab0 of 132 bytes failed: Only part of a ReadProcessMemory or WriteProcessMemory request was completed. (0x12B)
[0223/165928.058:ERROR:process_memory_win.cc(73)] ReadMemory at 0x15cbd404be0 of 132 bytes failed: Only part of a ReadProcessMemory or WriteProcessMemory request was completed. (0x12B)
[0223/165928.058:ERROR:process_memory_win.cc(73)] ReadMemory at 0x15cbd404d10 of 132 bytes failed: Only part of a ReadProcessMemory or WriteProcessMemory request was completed. (0x12B)
[0223/165928.058:ERROR:process_memory_win.cc(73)] ReadMemory at 0x15cbd404e40 of 132 bytes failed: Only part of a ReadProcessMemory or WriteProcessMemory request was completed. (0x12B)
[0223/165928.058:ERROR:process_memory_win.cc(73)] ReadMemory at 0x15cbd405f00 of 132 bytes failed: Only part of a ReadProcessMemory or WriteProcessMemory request was completed. (0x12B)
[0223/165928.058:ERROR:process_memory_win.cc(73)] ReadMemory at 0x15cbd406a00 of 132 bytes failed: Only part of a ReadProcessMemory or WriteProcessMemory request was completed. (0x12B)
[0223/165928.058:ERROR:process_memory_win.cc(73)] ReadMemory at 0x15cbd406d60 of 132 bytes failed: Only part of a ReadProcessMemory or WriteProcessMemory request was completed. (0x12B)
[0223/165928.058:ERROR:process_memory_win.cc(73)] ReadMemory at 0x15cbd4082f0 of 132 bytes failed: Only part of a ReadProcessMemory or WriteProcessMemory request was completed. (0x12B)
[0223/165928.058:ERROR:process_memory_win.cc(73)] ReadMemory at 0x15cbd40a120 of 54 bytes failed: Only part of a ReadProcessMemory or WriteProcessMemory request was completed. (0x12B)
[0223/165928.058:ERROR:process_memory_win.cc(73)] ReadMemory at 0x15cbd40afb0 of 132 bytes failed: Only part of a ReadProcessMemory or WriteProcessMemory request was completed. (0x12B)
[0223/165928.058:ERROR:process_memory_win.cc(73)] ReadMemory at 0x15cbd40b0e0 of 132 bytes failed: Only part of a ReadProcessMemory or WriteProcessMemory request was completed. (0x12B)
[0223/165928.058:ERROR:process_memory_win.cc(73)] ReadMemory at 0x15cbd40b340 of 132 bytes failed: Only part of a ReadProcessMemory or WriteProcessMemory request was completed. (0x12B)
[0223/165928.058:ERROR:process_memory_win.cc(73)] ReadMemory at 0x15cbd40b470 of 132 bytes failed: Only part of a ReadProcessMemory or WriteProcessMemory request was completed. (0x12B)
[0223/165928.058:ERROR:process_memory_win.cc(73)] ReadMemory at 0x15cbd40b800 of 132 bytes failed: Only part of a ReadProcessMemory or WriteProcessMemory request was completed. (0x12B)
[0223/165928.058:ERROR:process_memory_win.cc(73)] ReadMemory at 0x15cbd40bf20 of 132 bytes failed: Only part of a ReadProcessMemory or WriteProcessMemory request was completed. (0x12B)
[0223/165928.058:ERROR:process_memory_win.cc(73)] ReadMemory at 0x15cbd40c3e0 of 132 bytes failed: Only part of a ReadProcessMemory or WriteProcessMemory request was completed. (0x12B)
[0223/165928.058:ERROR:process_memory_win.cc(73)] ReadMemory at 0x15cbd40c770 of 132 bytes failed: Only part of a ReadProcessMemory or WriteProcessMemory request was completed. (0x12B)
[0223/165928.058:ERROR:process_memory_win.cc(73)] ReadMemory at 0x15cbd40c8a0 of 132 bytes failed: Only part of a ReadProcessMemory or WriteProcessMemory request was completed. (0x12B)
[0223/165928.058:ERROR:process_memory_win.cc(73)] ReadMemory at 0x15cbd40cc30 of 132 bytes failed: Only part of a ReadProcessMemory or WriteProcessMemory request was completed. (0x12B)
[0223/165928.058:ERROR:process_memory_win.cc(73)] ReadMemory at 0x15cbd40cd60 of 132 bytes failed: Only part of a ReadProcessMemory or WriteProcessMemory request was completed. (0x12B)
[0223/165928.058:ERROR:process_memory_win.cc(73)] ReadMemory at 0x15cbd4268b0 of 512 bytes failed: Only part of a ReadProcessMemory or WriteProcessMemory request was completed. (0x12B)
[0223/165928.058:ERROR:process_memory_win.cc(73)] ReadMemory at 0x15cbd6e0dc0 of 512 bytes failed: Only part of a ReadProcessMemory or WriteProcessMemory request was completed. (0x12B)
[0223/165928.058:ERROR:process_memory_win.cc(73)] ReadMemory at 0x15cbd6e1780 of 704 bytes failed: Only part of a ReadProcessMemory or WriteProcessMemory request was completed. (0x12B)
[0223/165928.058:ERROR:process_memory_win.cc(73)] ReadMemory at 0x15cbd762a00 of 512 bytes failed: Only part of a ReadProcessMemory or WriteProcessMemory request was completed. (0x12B)
[0223/165928.058:ERROR:process_memory_win.cc(73)] ReadMemory at 0x15cbd764040 of 608 bytes failed: Only part of a ReadProcessMemory or WriteProcessMemory request was completed. (0x12B)
[0223/165928.059:ERROR:process_memory_win.cc(73)] ReadMemory at 0x15cbd765930 of 512 bytes failed: Only part of a ReadProcessMemory or WriteProcessMemory request was completed. (0x12B)
[0223/165928.059:ERROR:process_memory_win.cc(73)] ReadMemory at 0x15cbd7664b0 of 512 bytes failed: Only part of a ReadProcessMemory or WriteProcessMemory request was completed. (0x12B)
[0223/165928.059:ERROR:process_memory_win.cc(73)] ReadMemory at 0x15cbd790ae0 of 712 bytes failed: Only part of a ReadProcessMemory or WriteProcessMemory request was completed. (0x12B)
[0223/165928.059:ERROR:process_memory_win.cc(73)] ReadMemory at 0x15cbd7a5648 of 512 bytes failed: Only part of a ReadProcessMemory or WriteProcessMemory request was completed. (0x12B)
[0223/165928.059:ERROR:process_memory_win.cc(73)] ReadMemory at 0x15cbd7a5918 of 512 bytes failed: Only part of a ReadProcessMemory or WriteProcessMemory request was completed. (0x12B)
[0223/165928.059:ERROR:process_memory_win.cc(73)] ReadMemory at 0x15cbd7a5be8 of 944 bytes failed: Only part of a ReadProcessMemory or WriteProcessMemory request was completed. (0x12B)
[0223/165928.059:ERROR:process_memory_win.cc(73)] ReadMemory at 0x15cbd7a6578 of 512 bytes failed: Only part of a ReadProcessMemory or WriteProcessMemory request was completed. (0x12B)
[0223/165928.059:ERROR:process_memory_win.cc(73)] ReadMemory at 0x15cbd7c4600 of 512 bytes failed: Only part of a ReadProcessMemory or WriteProcessMemory request was completed. (0x12B)
[0223/165928.059:ERROR:process_memory_win.cc(73)] ReadMemory at 0x15cbd7cee81 of 512 bytes failed: Only part of a ReadProcessMemory or WriteProcessMemory request was completed. (0x12B)
[0223/165928.059:ERROR:process_memory_win.cc(73)] ReadMemory at 0x15cbf65e5e0 of 512 bytes failed: Only part of a ReadProcessMemory or WriteProcessMemory request was completed. (0x12B)
[0223/165928.059:ERROR:process_memory_win.cc(73)] ReadMemory at 0x15cc0981830 of 512 bytes failed: Only part of a ReadProcessMemory or WriteProcessMemory request was completed. (0x12B)
[0223/165928.059:ERROR:process_memory_win.cc(73)] ReadMemory at 0x15cc099e3b8 of 512 bytes failed: Only part of a ReadProcessMemory or WriteProcessMemory request was completed. (0x12B)
[0223/165928.059:ERROR:process_memory_win.cc(73)] ReadMemory at 0x15cc09a03c0 of 512 bytes failed: Only part of a ReadProcessMemory or WriteProcessMemory request was completed. (0x12B)
[0223/165928.059:ERROR:process_memory_win.cc(73)] ReadMemory at 0x15cc09a08d0 of 512 bytes failed: Only part of a ReadProcessMemory or WriteProcessMemory request was completed. (0x12B)
[0223/165928.059:ERROR:process_memory_win.cc(73)] ReadMemory at 0x2b30c7926890 of 512 bytes failed: Only part of a ReadProcessMemory or WriteProcessMemory request was completed. (0x12B)
[0223/165928.059:ERROR:process_memory_win.cc(73)] ReadMemory at 0x6a48a20b44d0 of 512 bytes failed: Only part of a ReadProcessMemory or WriteProcessMemory request was completed. (0x12B)
[0223/165928.059:ERROR:process_memory_win.cc(73)] ReadMemory at 0x7ff808f31048 of 512 bytes failed: Only part of a ReadProcessMemory or WriteProcessMemory request was completed. (0x12B)
[0223/165928.059:ERROR:process_memory_win.cc(73)] ReadMemory at 0x7ff8092b00ec of 512 bytes failed: Only part of a ReadProcessMemory or WriteProcessMemory request was completed. (0x12B)
[0223/165928.059:ERROR:process_memory_win.cc(73)] ReadMemory at 0x7ff80a043a7b of 512 bytes failed: Only part of a ReadProcessMemory or WriteProcessMemory request was completed. (0x12B)
[0223/165928.059:ERROR:process_memory_win.cc(73)] ReadMemory at 0x7ff80d33ced5 of 512 bytes failed: Only part of a ReadProcessMemory or WriteProcessMemory request was completed. (0x12B)
[0223/165928.059:ERROR:process_memory_win.cc(73)] ReadMemory at 0x7ff80e116d48 of 512 bytes failed: Only part of a ReadProcessMemory or WriteProcessMemory request was completed. (0x12B)
[0223/165928.059:ERROR:process_memory_win.cc(73)] ReadMemory at 0x7ff86b4eff00 of 512 bytes failed: Only part of a ReadProcessMemory or WriteProcessMemory request was completed. (0x12B)
[0223/165928.059:ERROR:process_memory_win.cc(73)] ReadMemory at 0x7ff86b53f754 of 672 bytes failed: Only part of a ReadProcessMemory or WriteProcessMemory request was completed. (0x12B)
[0223/165928.059:ERROR:process_memory_win.cc(73)] ReadMemory at 0x7ff86b53fd54 of 512 bytes failed: Only part of a ReadProcessMemory or WriteProcessMemory request was completed. (0x12B)
[0223/165928.060:ERROR:process_memory_win.cc(73)] ReadMemory at 0x7ff86b542fe4 of 608 bytes failed: Only part of a ReadProcessMemory or WriteProcessMemory request was completed. (0x12B)
[0223/165928.060:ERROR:process_memory_win.cc(73)] ReadMemory at 0x7ff86b5cc0c8 of 18 bytes failed: Only part of a ReadProcessMemory or WriteProcessMemory request was completed. (0x12B)
[0223/165928.060:ERROR:process_memory_win.cc(73)] ReadMemory at 0x7ff86b5ff4f8 of 40 bytes failed: Only part of a ReadProcessMemory or WriteProcessMemory request was completed. (0x12B)
[0223/165928.060:ERROR:process_memory_win.cc(73)] ReadMemory at 0x7ff86b5ff978 of 48 bytes failed: Only part of a ReadProcessMemory or WriteProcessMemory request was completed. (0x12B)
[0223/165928.060:ERROR:process_memory_win.cc(73)] ReadMemory at 0x7ff86b6053a0 of 64 bytes failed: Only part of a ReadProcessMemory or WriteProcessMemory request was completed. (0x12B)
[0223/165928.061:ERROR:scoped_process_suspend.cc(40)] NtResumeProcess: An attempt was made to access an exiting process. (0xc000010a)
